<?xml version="1.0" encoding="UTF-8"?>
<!-- Generated by org.testng.reporters.JUnitXMLReporter -->
<testsuite ignored="0" hostname="user-PC" failures="2" tests="4" name="Command line test" time="73.168" errors="0" timestamp="2021-07-01T22:26:42 IST">
  <testcase classname="Academy.HomePageTest" name="basePageNavigation" time="7.246"/>
  <testcase classname="Academy.HomePageTest" name="basePageNavigation" time="12.678"/>
  <testcase classname="Academy.HomePageTest" name="basePageNavigation" time="10.563">
    <failure type="junit.framework.AssertionFailedError">
      <![CDATA[junit.framework.AssertionFailedError
at junit.framework.Assert.fail(Assert.java:47)
at junit.framework.Assert.assertTrue(Assert.java:20)
at junit.framework.Assert.assertTrue(Assert.java:27)
at Academy.HomePageTest.basePageNavigation(HomePageTest.java:49)
at java.base/java.util.ArrayList.forEach(ArrayList.java:1511)
... Removed 37 stack frames]]>
    </failure>
  </testcase> <!-- basePageNavigation -->
  <testcase classname="Academy.NewCustomerTest" name="newCustomerPage" time="13.679">
    <failure type="java.lang.AssertionError" message="expected [true] but found [false]">
      <![CDATA[java.lang.AssertionError: expected [true] but found [false]
at Academy.NewCustomerTest.newCustomerPage(NewCustomerTest.java:66)
at java.base/java.util.ArrayList.forEach(ArrayList.java:1511)
... Removed 41 stack frames]]>
    </failure>
  </testcase> <!-- newCustomerPage -->
</testsuite> <!-- Command line test -->
